# JRE version: Java(TM) SE Runtime Environment (17.0.9+11) (build 17.0.9+11-LTS-201)
# Java VM: Java HotSpot(TM) 64-Bit Server VM (17.0.9+11-LTS-201, mixed mode, emulated-client, sharing, tiered, compressed oops, compressed class ptrs, g1 gc, windows-amd64)
GC Precious Log:
 CPUs: 8 total, 8 available
 Memory: 15977M
 Large Page Support: Disabled
 NUMA Support: Disabled
 Compressed Oops: Enabled (Zero based)
 Heap Region Size: 2M
 Heap Min Capacity: 8M
 Heap Initial Capacity: 250M
 Heap Max Capacity: 3996M
 Pre-touch: Disabled
 Parallel Workers: 8
 Concurrent Workers: 2
 Concurrent Refinement Workers: 8
 Periodic GC: Disabled
Heap:
 garbage-first heap   total 155648K, used 45127K [0x0000000706400000, 0x0000000800000000)
  region size 2048K, 15 young (30720K), 2 survivors (4096K)
 Metaspace       used 50380K, committed 50880K, reserved 1114112K
  class space    used 7125K, committed 7360K, reserved 1048576K
GC Heap History (18 events):
Event: 0.900 GC heap before
{Heap before GC invocations=0 (full 0):
 garbage-first heap   total 256000K, used 22528K [0x0000000706400000, 0x0000000800000000)
  region size 2048K, 11 young (22528K), 0 survivors (0K)
 Metaspace       used 6909K, committed 7104K, reserved 1114112K
  class space    used 877K, committed 960K, reserved 1048576K
}
Event: 0.905 GC heap after
{Heap after GC invocations=1 (full 0):
 garbage-first heap   total 256000K, used 7071K [0x0000000706400000, 0x0000000800000000)
  region size 2048K, 2 young (4096K), 2 survivors (4096K)
 Metaspace       used 6909K, committed 7104K, reserved 1114112K
  class space    used 877K, committed 960K, reserved 1048576K
}
Event: 1.253 GC heap before
{Heap before GC invocations=1 (full 0):
 garbage-first heap   total 256000K, used 27551K [0x0000000706400000, 0x0000000800000000)
  region size 2048K, 12 young (24576K), 2 survivors (4096K)
 Metaspace       used 10477K, committed 10752K, reserved 1114112K
  class space    used 1451K, committed 1600K, reserved 1048576K
}
Event: 1.257 GC heap after
{Heap after GC invocations=2 (full 0):
 garbage-first heap   total 256000K, used 8400K [0x0000000706400000, 0x0000000800000000)
  region size 2048K, 1 young (2048K), 1 survivors (2048K)
 Metaspace       used 10477K, committed 10752K, reserved 1114112K
  class space    used 1451K, committed 1600K, reserved 1048576K
}
Event: 1.930 GC heap before
{Heap before GC invocations=2 (full 0):
 garbage-first heap   total 256000K, used 78032K [0x0000000706400000, 0x0000000800000000)
  region size 2048K, 36 young (73728K), 1 survivors (2048K)
 Metaspace       used 21223K, committed 21504K, reserved 1114112K
  class space    used 2864K, committed 3008K, reserved 1048576K
}
Event: 1.934 GC heap after
{Heap after GC invocations=3 (full 0):
 garbage-first heap   total 256000K, used 13011K [0x0000000706400000, 0x0000000800000000)
  region size 2048K, 3 young (6144K), 3 survivors (6144K)
 Metaspace       used 21223K, committed 21504K, reserved 1114112K
  class space    used 2864K, committed 3008K, reserved 1048576K
}
Event: 2.255 GC heap before
{Heap before GC invocations=4 (full 0):
 garbage-first heap   total 55296K, used 39635K [0x0000000706400000, 0x0000000800000000)
  region size 2048K, 17 young (34816K), 3 survivors (6144K)
 Metaspace       used 25093K, committed 25472K, reserved 1114112K
  class space    used 3527K, committed 3712K, reserved 1048576K
}
Event: 2.260 GC heap after
{Heap after GC invocations=5 (full 0):
 garbage-first heap   total 55296K, used 15654K [0x0000000706400000, 0x0000000800000000)
  region size 2048K, 5 young (10240K), 5 survivors (10240K)
 Metaspace       used 25093K, committed 25472K, reserved 1114112K
  class space    used 3527K, committed 3712K, reserved 1048576K
}
Event: 2.281 GC heap before
{Heap before GC invocations=5 (full 0):
 garbage-first heap   total 55296K, used 17702K [0x0000000706400000, 0x0000000800000000)
  region size 2048K, 6 young (12288K), 5 survivors (10240K)
 Metaspace       used 25570K, committed 25984K, reserved 1114112K
  class space    used 3579K, committed 3776K, reserved 1048576K
}
Event: 2.286 GC heap after
{Heap after GC invocations=6 (full 0):
 garbage-first heap   total 55296K, used 16580K [0x0000000706400000, 0x0000000800000000)
  region size 2048K, 1 young (2048K), 1 survivors (2048K)
 Metaspace       used 25570K, committed 25984K, reserved 1114112K
  class space    used 3579K, committed 3776K, reserved 1048576K
}
Event: 2.454 GC heap before
{Heap before GC invocations=6 (full 0):
 garbage-first heap   total 55296K, used 35012K [0x0000000706400000, 0x0000000800000000)
  region size 2048K, 10 young (20480K), 1 survivors (2048K)
 Metaspace       used 27810K, committed 28288K, reserved 1114112K
  class space    used 3865K, committed 4096K, reserved 1048576K
}
Event: 2.455 GC heap after
{Heap after GC invocations=7 (full 0):
 garbage-first heap   total 55296K, used 16916K [0x0000000706400000, 0x0000000800000000)
  region size 2048K, 1 young (2048K), 1 survivors (2048K)
 Metaspace       used 27810K, committed 28288K, reserved 1114112K
  class space    used 3865K, committed 4096K, reserved 1048576K
}
Event: 2.706 GC heap before
{Heap before GC invocations=7 (full 0):
 garbage-first heap   total 55296K, used 37396K [0x0000000706400000, 0x0000000800000000)
  region size 2048K, 11 young (22528K), 1 survivors (2048K)
 Metaspace       used 32826K, committed 33344K, reserved 1114112K
  class space    used 4610K, committed 4864K, reserved 1048576K
}
Event: 2.708 GC heap after
{Heap after GC invocations=8 (full 0):
 garbage-first heap   total 55296K, used 17811K [0x0000000706400000, 0x0000000800000000)
  region size 2048K, 2 young (4096K), 2 survivors (4096K)
 Metaspace       used 32826K, committed 33344K, reserved 1114112K
  class space    used 4610K, committed 4864K, reserved 1048576K
}
Event: 2.811 GC heap before
{Heap before GC invocations=8 (full 0):
 garbage-first heap   total 55296K, used 26003K [0x0000000706400000, 0x0000000800000000)
  region size 2048K, 7 young (14336K), 2 survivors (4096K)
 Metaspace       used 35496K, committed 35968K, reserved 1114112K
  class space    used 4947K, committed 5184K, reserved 1048576K
}
Event: 2.813 GC heap after
{Heap after GC invocations=9 (full 0):
 garbage-first heap   total 55296K, used 18742K [0x0000000706400000, 0x0000000800000000)
  region size 2048K, 1 young (2048K), 1 survivors (2048K)
 Metaspace       used 35496K, committed 35968K, reserved 1114112K
  class space    used 4947K, committed 5184K, reserved 1048576K
}
Event: 3.139 GC heap before
{Heap before GC invocations=10 (full 0):
 garbage-first heap   total 55296K, used 39222K [0x0000000706400000, 0x0000000800000000)
  region size 2048K, 11 young (22528K), 1 survivors (2048K)
 Metaspace       used 43611K, committed 44096K, reserved 1114112K
  class space    used 6042K, committed 6272K, reserved 1048576K
}
Event: 3.142 GC heap after
{Heap after GC invocations=11 (full 0):
 garbage-first heap   total 155648K, used 20551K [0x0000000706400000, 0x0000000800000000)
  region size 2048K, 2 young (4096K), 2 survivors (4096K)
 Metaspace       used 43611K, committed 44096K, reserved 1114112K
  class space    used 6042K, committed 6272K, reserved 1048576K
}

